<?xml version="1.0" encoding="UTF-8"?>
<!-- Generated by org.testng.reporters.JUnitReportReporter -->
<testsuite hostname="LAPTOP-4MO39718" name="com.bankguru.testcase.LogInScript" tests="1" failures="0" timestamp="31 Mar 2019 09:21:08 GMT" time="41.307" errors="0">
  <testcase name="TC_01" time="41.307" classname="com.bankguru.testcase.LogInScript"/>
</testsuite> <!-- com.bankguru.testcase.LogInScript -->
