<?xml version="1.0" encoding="UTF-8"?>
<!-- Generated by org.testng.reporters.JUnitReportReporter -->
<testsuite hostname="LAPTOP-4MO39718" name="com.bankguru.testcase.NewCustomerScript" tests="5" failures="0" timestamp="31 Mar 2019 10:17:49 GMT" time="5.257" errors="0">
  <testcase name="TC_DateFieldCannotBlank_02" time="0.931" classname="com.bankguru.testcase.NewCustomerScript"/>
  <testcase name="TC_NameCannotSpecialText_04" time="1.073" classname="com.bankguru.testcase.NewCustomerScript"/>
  <testcase name="TC_CustomerCannotBlank_01" time="0.948" classname="com.bankguru.testcase.NewCustomerScript"/>
  <testcase name="TC_NameCannotNumberic_03" time="1.261" classname="com.bankguru.testcase.NewCustomerScript"/>
  <testcase name="TC_NameCannotFirstSpace_05" time="1.044" classname="com.bankguru.testcase.NewCustomerScript"/>
</testsuite> <!-- com.bankguru.testcase.NewCustomerScript -->
